

Informatii despre profesori si studenti:

Profesori:
Mihai Ritan
Materii predate: AG MIP 

Andrei Circei
Materii predate: Sport Chimie 

Ioana Popescu
Materii predate: Matematica Fizica 

Studenti:
George Constantin
Materii si note: AG 8 Thu Jan 04 20:42:36 EET 2024
MIP 
Sport 
Chimie 
Matematica 
Fizica 


Ionel Stefan
Materii si note: AG 
MIP 
Sport 
Chimie 
Matematica 
Fizica 


Leonard Valentin
Materii si note: AG 
MIP 
Sport 
Chimie 
Matematica 
Fizica 


Nicolae Florin
Materii si note: AG 
MIP 
Sport 
Chimie 
Matematica 
Fizica 


Iulian Barbu
Materii si note: AG 
MIP 
Sport 
Chimie 
Matematica 
Fizica 


Ana Maria
Materii si note: AG 
MIP 
Sport 
Chimie 
Matematica 
Fizica 


Elena Ionescu
Materii si note: AG 
MIP 
Sport 
Chimie 
Matematica 
Fizica 


Adrian Dumitru
Materii si note: AG 
MIP 
Sport 
Chimie 
Matematica 
Fizica 


