

Informatii despre profesori si studenti:

Profesori:
Mihai Ritan
Materii predate: AG MIP 

Andrei Circei
Materii predate: Sport Chimie 

Ioana Popescu
Materii predate: Matematica Fizica 

Studenti:
George Constantin
Materii si note:
AG 
MIP 10 Fri Jan 05 18:17:28 EET 20247 Fri Jan 05 18:17:54 EET 2024
Sport 
Chimie 
Matematica 
Fizica 


Ionel Stefan
Materii si note:
AG 
MIP 
Sport 
Chimie 
Matematica 
Fizica 


Leonard Valentin
Materii si note:
AG 
MIP 
Sport 
Chimie 
Matematica 
Fizica 


Nicolae Florin
Materii si note:
AG 
MIP 
Sport 
Chimie 
Matematica 
Fizica 


Iulian Barbu
Materii si note:
AG 
MIP 
Sport 
Chimie 
Matematica 
Fizica 


Ana Maria
Materii si note:
AG 
MIP 
Sport 
Chimie 
Matematica 
Fizica 


Elena Ionescu
Materii si note:
AG 
MIP 
Sport 
Chimie 
Matematica 
Fizica 


Adrian Dumitru
Materii si note:
AG 
MIP 
Sport 
Chimie 
Matematica 
Fizica 


